\BOOKMARK [0][-]{chapter.1}{Wstep}{}% 1
\BOOKMARK [1][-]{section.1.1}{O aplikacjach sieciowych}{chapter.1}% 2
\BOOKMARK [1][-]{section.1.2}{Intranet i jego historia}{chapter.1}% 3
\BOOKMARK [1][-]{section.1.3}{Intranet obecnie oraz jego zastosowania}{chapter.1}% 4
\BOOKMARK [1][-]{section.1.4}{Cel pracy}{chapter.1}% 5
\BOOKMARK [1][-]{section.1.5}{Struktura pracy}{chapter.1}% 6
\BOOKMARK [0][-]{chapter.2}{Technologia}{}% 7
\BOOKMARK [1][-]{section.2.1}{JavaScript}{chapter.2}% 8
\BOOKMARK [2][-]{subsection.2.1.1}{Przeglad cech JavaScript}{section.2.1}% 9
\BOOKMARK [1][-]{section.2.2}{Meteor.js}{chapter.2}% 10
\BOOKMARK [1][-]{section.2.3}{MongoDB}{chapter.2}% 11
\BOOKMARK [1][-]{section.2.4}{Warstwa prezentacji}{chapter.2}% 12
\BOOKMARK [2][-]{subsection.2.4.1}{HTML5}{section.2.4}% 13
\BOOKMARK [2][-]{subsection.2.4.2}{CSS3 oraz less}{section.2.4}% 14
\BOOKMARK [2][-]{subsection.2.4.3}{Bootstrap oraz AdminLTE}{section.2.4}% 15
\BOOKMARK [1][-]{section.2.5}{Git oraz GitHub}{chapter.2}% 16
\BOOKMARK [0][-]{chapter.3}{Aplikacja Intranet}{}% 17
\BOOKMARK [1][-]{section.3.1}{Za\233ozenia}{chapter.3}% 18
\BOOKMARK [1][-]{section.3.2}{Wymagania}{chapter.3}% 19
\BOOKMARK [1][-]{section.3.3}{Users stories/ przypadki uzycia}{chapter.3}% 20
\BOOKMARK [1][-]{section.3.4}{Struktura aplikacji}{chapter.3}% 21
\BOOKMARK [1][-]{section.3.5}{Czesc wsp\363lna dla serwera oraz klienta}{chapter.3}% 22
\BOOKMARK [2][-]{subsection.3.5.1}{Metody}{section.3.5}% 23
\BOOKMARK [2][-]{subsection.3.5.2}{Kolekcje}{section.3.5}% 24
\BOOKMARK [1][-]{section.3.6}{Serwer}{chapter.3}% 25
\BOOKMARK [2][-]{subsection.3.6.1}{Baza}{section.3.6}% 26
\BOOKMARK [2][-]{subsection.3.6.2}{Kolekcje}{section.3.6}% 27
\BOOKMARK [2][-]{subsection.3.6.3}{Migracje danych}{section.3.6}% 28
\BOOKMARK [2][-]{subsection.3.6.4}{Konfiguracja}{section.3.6}% 29
\BOOKMARK [1][-]{section.3.7}{Klient}{chapter.3}% 30
\BOOKMARK [2][-]{subsection.3.7.1}{Routing}{section.3.7}% 31
\BOOKMARK [2][-]{subsection.3.7.2}{Subskrypcje}{section.3.7}% 32
\BOOKMARK [2][-]{subsection.3.7.3}{Szablony}{section.3.7}% 33
\BOOKMARK [2][-]{subsection.3.7.4}{Eventy}{section.3.7}% 34
\BOOKMARK [2][-]{subsection.3.7.5}{Helpery}{section.3.7}% 35
\BOOKMARK [2][-]{subsection.3.7.6}{Pliki less}{section.3.7}% 36
\BOOKMARK [2][-]{subsection.3.7.7}{Formularze}{section.3.7}% 37
\BOOKMARK [1][-]{section.3.8}{Objekt MyApp}{chapter.3}% 38
\BOOKMARK [1][-]{section.3.9}{Paczki powtsta\233e na potrzeby aplikacji}{chapter.3}% 39
\BOOKMARK [0][-]{chapter.4}{Wdrozenie}{}% 40
\BOOKMARK [0][-]{chapter.5}{Podsumowanie}{}% 41
